<?xml version="1.0" encoding="UTF-8"?>
<testng-results skipped="0" failed="0" total="1" passed="1">
  <reporter-output>
  </reporter-output>
  <suite name="Suite" duration-ms="12599" started-at="2019-11-30T19:01:18Z" finished-at="2019-11-30T19:01:30Z">
    <groups>
    </groups>
    <test name="Test" duration-ms="12599" started-at="2019-11-30T19:01:18Z" finished-at="2019-11-30T19:01:30Z">
      <class name="TestSuit.HomeSuit">
        <test-method status="PASS" signature="browser()[pri:0, instance:TestSuit.HomeSuit@4678c730]" name="browser" is-config="true" duration-ms="5883" started-at="2019-12-01T00:31:18Z" finished-at="2019-12-01T00:31:23Z">
          <reporter-output>
          </reporter-output>
        </test-method> <!-- browser -->
        <test-method status="PASS" signature="date()[pri:0, instance:TestSuit.HomeSuit@4678c730]" name="date" duration-ms="6101" started-at="2019-12-01T00:31:23Z" finished-at="2019-12-01T00:31:30Z">
          <reporter-output>
          </reporter-output>
        </test-method> <!-- date -->
        <test-method status="PASS" signature="browserClose()[pri:0, instance:TestSuit.HomeSuit@4678c730]" name="browserClose" is-config="true" duration-ms="592" started-at="2019-12-01T00:31:30Z" finished-at="2019-12-01T00:31:30Z">
          <reporter-output>
          </reporter-output>
        </test-method> <!-- browserClose -->
      </class> <!-- TestSuit.HomeSuit -->
    </test> <!-- Test -->
  </suite> <!-- Suite -->
</testng-results>
