<?xml version="1.0" encoding="UTF-8"?>
<testng-results skipped="1" failed="0" total="1" passed="0">
  <reporter-output>
  </reporter-output>
  <suite name="Default suite" duration-ms="49" started-at="2019-11-30T20:13:04Z" finished-at="2019-11-30T20:13:04Z">
    <groups>
    </groups>
    <test name="Default test" duration-ms="49" started-at="2019-11-30T20:13:04Z" finished-at="2019-11-30T20:13:04Z">
      <class name="TestSuit.HomeSuit">
        <test-method status="FAIL" signature="browser()[pri:0, instance:TestSuit.HomeSuit@4678c730]" name="browser" is-config="true" duration-ms="0" started-at="2019-12-01T01:43:04Z" finished-at="2019-12-01T01:43:04Z">
          <exception class="java.io.FileNotFoundException">
            <message>
              <![CDATA[E:\Refresh_Selenium\Amazon\src\main\java\utils\Data.properties (The system cannot find the path specified)]]>
            </message>
            <full-stacktrace>
              <![CDATA[java.io.FileNotFoundException: E:\Refresh_Selenium\Amazon\src\main\java\utils\Data.properties (The system cannot find the path specified)
	at java.io.FileInputStream.open0(Native Method)
	at java.io.FileInputStream.open(Unknown Source)
	at java.io.FileInputStream.<init>(Unknown Source)
	at java.io.FileInputStream.<init>(Unknown Source)
	at utils.OpenBrowser.browser(OpenBrowser.java:18)
	at sun.reflect.NativeMethodAccessorImpl.invoke0(Native Method)
	at sun.reflect.NativeMethodAccessorImpl.invoke(Unknown Source)
	at sun.reflect.DelegatingMethodAccessorImpl.invoke(Unknown Source)
	at java.lang.reflect.Method.invoke(Unknown Source)
	at org.testng.internal.MethodInvocationHelper.invokeMethod(MethodInvocationHelper.java:86)
	at org.testng.internal.Invoker.invokeConfigurationMethod(Invoker.java:514)
	at org.testng.internal.Invoker.invokeConfigurations(Invoker.java:215)
	at org.testng.internal.Invoker.invokeMethod(Invoker.java:589)
	at org.testng.internal.Invoker.invokeTestMethod(Invoker.java:820)
	at org.testng.internal.Invoker.invokeTestMethods(Invoker.java:1128)
	at org.testng.internal.TestMethodWorker.invokeTestMethods(TestMethodWorker.java:129)
	at org.testng.internal.TestMethodWorker.run(TestMethodWorker.java:112)
	at org.testng.TestRunner.privateRun(TestRunner.java:782)
	at org.testng.TestRunner.run(TestRunner.java:632)
	at org.testng.SuiteRunner.runTest(SuiteRunner.java:366)
	at org.testng.SuiteRunner.runSequentially(SuiteRunner.java:361)
	at org.testng.SuiteRunner.privateRun(SuiteRunner.java:319)
	at org.testng.SuiteRunner.run(SuiteRunner.java:268)
	at org.testng.SuiteRunnerWorker.runSuite(SuiteRunnerWorker.java:52)
	at org.testng.SuiteRunnerWorker.run(SuiteRunnerWorker.java:86)
	at org.testng.TestNG.runSuitesSequentially(TestNG.java:1244)
	at org.testng.TestNG.runSuitesLocally(TestNG.java:1169)
	at org.testng.TestNG.run(TestNG.java:1064)
	at org.testng.remote.AbstractRemoteTestNG.run(AbstractRemoteTestNG.java:126)
	at org.testng.remote.RemoteTestNG.initAndRun(RemoteTestNG.java:152)
	at org.testng.remote.RemoteTestNG.main(RemoteTestNG.java:57)
]]>
            </full-stacktrace>
          </exception> <!-- java.io.FileNotFoundException -->
          <reporter-output>
          </reporter-output>
        </test-method> <!-- browser -->
        <test-method status="SKIP" signature="date()[pri:0, instance:TestSuit.HomeSuit@4678c730]" name="date" duration-ms="3" started-at="2019-12-01T01:43:04Z" finished-at="2019-12-01T01:43:04Z">
          <reporter-output>
          </reporter-output>
        </test-method> <!-- date -->
        <test-method status="SKIP" signature="browserClose()[pri:0, instance:TestSuit.HomeSuit@4678c730]" name="browserClose" is-config="true" duration-ms="0" started-at="2019-12-01T01:43:04Z" finished-at="2019-12-01T01:43:04Z">
          <reporter-output>
          </reporter-output>
        </test-method> <!-- browserClose -->
      </class> <!-- TestSuit.HomeSuit -->
    </test> <!-- Default test -->
  </suite> <!-- Default suite -->
</testng-results>
